{"C:\\Users\\Liany\\OneDrive\\Documents\\GitHub\\devops-repo-sy\\public\\js\\sheng-yang-frontend.js": {"path":"C:\\Users\\Liany\\OneDrive\\Documents\\GitHub\\devops-repo-sy\\public\\js\\sheng-yang-frontend.js","statementMap":{"0":{"start":{"line":2,"column":17},"end":{"line":2,"column":54}},"1":{"start":{"line":3,"column":18},"end":{"line":3,"column":56}},"2":{"start":{"line":5,"column":6},"end":{"line":5,"column":81}},"3":{"start":{"line":7,"column":4},"end":{"line":10,"column":5}},"4":{"start":{"line":8,"column":6},"end":{"line":8,"column":44}},"5":{"start":{"line":9,"column":6},"end":{"line":9,"column":13}},"6":{"start":{"line":12,"column":25},"end":{"line":12,"column":42}},"7":{"start":{"line":13,"column":4},"end":{"line":16,"column":5}},"8":{"start":{"line":14,"column":6},"end":{"line":14,"column":54}},"9":{"start":{"line":15,"column":6},"end":{"line":15,"column":13}},"10":{"start":{"line":18,"column":21},"end":{"line":18,"column":57}},"11":{"start":{"line":19,"column":4},"end":{"line":19,"column":26}},"12":{"start":{"line":21,"column":20},"end":{"line":21,"column":40}},"13":{"start":{"line":22,"column":4},"end":{"line":22,"column":44}},"14":{"start":{"line":23,"column":4},"end":{"line":23,"column":65}},"15":{"start":{"line":25,"column":4},"end":{"line":38,"column":6}},"16":{"start":{"line":26,"column":6},"end":{"line":37,"column":7}},"17":{"start":{"line":27,"column":25},"end":{"line":27,"column":57}},"18":{"start":{"line":28,"column":8},"end":{"line":33,"column":9}},"19":{"start":{"line":29,"column":10},"end":{"line":29,"column":46}},"20":{"start":{"line":31,"column":10},"end":{"line":31,"column":48}},"21":{"start":{"line":32,"column":10},"end":{"line":32,"column":46}},"22":{"start":{"line":35,"column":8},"end":{"line":35,"column":47}},"23":{"start":{"line":36,"column":8},"end":{"line":36,"column":47}},"24":{"start":{"line":40,"column":4},"end":{"line":42,"column":6}},"25":{"start":{"line":41,"column":6},"end":{"line":41,"column":54}},"26":{"start":{"line":44,"column":4},"end":{"line":44,"column":43}}},"fnMap":{"0":{"name":"addGameForm","decl":{"start":{"line":1,"column":9},"end":{"line":1,"column":20}},"loc":{"start":{"line":1,"column":23},"end":{"line":45,"column":3}},"line":1},"1":{"name":"(anonymous_1)","decl":{"start":{"line":25,"column":21},"end":{"line":25,"column":22}},"loc":{"start":{"line":25,"column":33},"end":{"line":38,"column":5}},"line":25},"2":{"name":"(anonymous_2)","decl":{"start":{"line":40,"column":22},"end":{"line":40,"column":23}},"loc":{"start":{"line":40,"column":34},"end":{"line":42,"column":5}},"line":40}},"branchMap":{"0":{"loc":{"start":{"line":5,"column":6},"end":{"line":5,"column":81}},"type":"binary-expr","locations":[{"start":{"line":5,"column":6},"end":{"line":5,"column":44}},{"start":{"line":5,"column":48},"end":{"line":5,"column":81}}],"line":5},"1":{"loc":{"start":{"line":7,"column":4},"end":{"line":10,"column":5}},"type":"if","locations":[{"start":{"line":7,"column":4},"end":{"line":10,"column":5}},{"start":{},"end":{}}],"line":7},"2":{"loc":{"start":{"line":7,"column":8},"end":{"line":7,"column":23}},"type":"binary-expr","locations":[{"start":{"line":7,"column":8},"end":{"line":7,"column":13}},{"start":{"line":7,"column":17},"end":{"line":7,"column":23}}],"line":7},"3":{"loc":{"start":{"line":13,"column":4},"end":{"line":16,"column":5}},"type":"if","locations":[{"start":{"line":13,"column":4},"end":{"line":16,"column":5}},{"start":{},"end":{}}],"line":13},"4":{"loc":{"start":{"line":13,"column":8},"end":{"line":13,"column":48}},"type":"binary-expr","locations":[{"start":{"line":13,"column":8},"end":{"line":13,"column":27}},{"start":{"line":13,"column":31},"end":{"line":13,"column":48}}],"line":13},"5":{"loc":{"start":{"line":28,"column":8},"end":{"line":33,"column":9}},"type":"if","locations":[{"start":{"line":28,"column":8},"end":{"line":33,"column":9}},{"start":{"line":30,"column":15},"end":{"line":33,"column":9}}],"line":28}},"s":{"0":4,"1":4,"2":4,"3":4,"4":4,"5":4,"6":0,"7":0,"8":0,"9":0,"10":0,"11":0,"12":0,"13":0,"14":0,"15":0,"16":0,"17":0,"18":0,"19":0,"20":0,"21":0,"22":0,"23":0,"24":0,"25":0,"26":0},"f":{"0":4,"1":0,"2":0},"b":{"0":[4,4],"1":[4,0],"2":[4,1],"3":[0,0],"4":[0,0],"5":[0,0]},"_coverageSchema":"1a1c01bbd47fc00a2c39e90264f33305004495a9","hash":"810d1b789dcb4b79081c3e332438b444e938dd89"}
}
