{"total": {"lines":{"total":38,"covered":32,"skipped":0,"pct":84.21},"statements":{"total":39,"covered":32,"skipped":0,"pct":82.05},"functions":{"total":5,"covered":3,"skipped":0,"pct":60},"branches":{"total":12,"covered":12,"skipped":0,"pct":100},"branchesTrue":{"total":0,"covered":0,"skipped":0,"pct":"Unknown"}}
,"C:\\Users\\Liany\\OneDrive\\Documents\\GitHub\\devops-repo-sy\\public\\js\\justin-frontend.js": {"lines":{"total":11,"covered":6,"skipped":0,"pct":54.54},"functions":{"total":2,"covered":1,"skipped":0,"pct":50},"statements":{"total":12,"covered":6,"skipped":0,"pct":50},"branches":{"total":0,"covered":0,"skipped":0,"pct":100}}
,"C:\\Users\\Liany\\OneDrive\\Documents\\GitHub\\devops-repo-sy\\public\\js\\sheng-yang-frontend.js": {"lines":{"total":27,"covered":26,"skipped":0,"pct":96.29},"functions":{"total":3,"covered":2,"skipped":0,"pct":66.66},"statements":{"total":27,"covered":26,"skipped":0,"pct":96.29},"branches":{"total":12,"covered":12,"skipped":0,"pct":100}}
}
