{"total": {"lines":{"total":27,"covered":6,"skipped":0,"pct":22.22},"statements":{"total":27,"covered":6,"skipped":0,"pct":22.22},"functions":{"total":3,"covered":1,"skipped":0,"pct":33.33},"branches":{"total":12,"covered":5,"skipped":0,"pct":41.66},"branchesTrue":{"total":0,"covered":0,"skipped":0,"pct":"Unknown"}}
,"C:\\Users\\Liany\\OneDrive\\Documents\\GitHub\\devops-repo-sy\\public\\js\\sheng-yang-frontend.js": {"lines":{"total":27,"covered":6,"skipped":0,"pct":22.22},"functions":{"total":3,"covered":1,"skipped":0,"pct":33.33},"statements":{"total":27,"covered":6,"skipped":0,"pct":22.22},"branches":{"total":12,"covered":5,"skipped":0,"pct":41.66}}
}
