{"C:\\Users\\Liany\\OneDrive\\Documents\\GitHub\\devops-repo-sy\\public\\js\\sheng-yang-frontend.js": {"path":"C:\\Users\\Liany\\OneDrive\\Documents\\GitHub\\devops-repo-sy\\public\\js\\sheng-yang-frontend.js","statementMap":{"0":{"start":{"line":2,"column":17},"end":{"line":2,"column":54}},"1":{"start":{"line":3,"column":18},"end":{"line":3,"column":56}},"2":{"start":{"line":5,"column":6},"end":{"line":5,"column":81}},"3":{"start":{"line":7,"column":4},"end":{"line":10,"column":5}},"4":{"start":{"line":8,"column":6},"end":{"line":8,"column":44}},"5":{"start":{"line":9,"column":6},"end":{"line":9,"column":13}},"6":{"start":{"line":12,"column":25},"end":{"line":12,"column":42}},"7":{"start":{"line":13,"column":4},"end":{"line":16,"column":5}},"8":{"start":{"line":14,"column":6},"end":{"line":14,"column":54}},"9":{"start":{"line":15,"column":6},"end":{"line":15,"column":13}},"10":{"start":{"line":18,"column":21},"end":{"line":18,"column":57}},"11":{"start":{"line":19,"column":4},"end":{"line":19,"column":26}},"12":{"start":{"line":21,"column":20},"end":{"line":21,"column":40}},"13":{"start":{"line":22,"column":4},"end":{"line":22,"column":44}},"14":{"start":{"line":23,"column":4},"end":{"line":23,"column":65}},"15":{"start":{"line":25,"column":4},"end":{"line":38,"column":6}},"16":{"start":{"line":26,"column":6},"end":{"line":37,"column":7}},"17":{"start":{"line":27,"column":25},"end":{"line":27,"column":57}},"18":{"start":{"line":28,"column":8},"end":{"line":33,"column":9}},"19":{"start":{"line":29,"column":10},"end":{"line":29,"column":46}},"20":{"start":{"line":31,"column":10},"end":{"line":31,"column":48}},"21":{"start":{"line":32,"column":10},"end":{"line":32,"column":46}},"22":{"start":{"line":35,"column":8},"end":{"line":35,"column":47}},"23":{"start":{"line":36,"column":8},"end":{"line":36,"column":47}},"24":{"start":{"line":40,"column":4},"end":{"line":42,"column":6}},"25":{"start":{"line":41,"column":6},"end":{"line":41,"column":54}},"26":{"start":{"line":44,"column":4},"end":{"line":44,"column":43}}},"fnMap":{"0":{"name":"addGameForm","decl":{"start":{"line":1,"column":9},"end":{"line":1,"column":20}},"loc":{"start":{"line":1,"column":23},"end":{"line":45,"column":3}},"line":1},"1":{"name":"(anonymous_1)","decl":{"start":{"line":25,"column":21},"end":{"line":25,"column":22}},"loc":{"start":{"line":25,"column":33},"end":{"line":38,"column":5}},"line":25},"2":{"name":"(anonymous_2)","decl":{"start":{"line":40,"column":22},"end":{"line":40,"column":23}},"loc":{"start":{"line":40,"column":34},"end":{"line":42,"column":5}},"line":40}},"branchMap":{"0":{"loc":{"start":{"line":5,"column":6},"end":{"line":5,"column":81}},"type":"binary-expr","locations":[{"start":{"line":5,"column":6},"end":{"line":5,"column":44}},{"start":{"line":5,"column":48},"end":{"line":5,"column":81}}],"line":5},"1":{"loc":{"start":{"line":7,"column":4},"end":{"line":10,"column":5}},"type":"if","locations":[{"start":{"line":7,"column":4},"end":{"line":10,"column":5}},{"start":{},"end":{}}],"line":7},"2":{"loc":{"start":{"line":7,"column":8},"end":{"line":7,"column":23}},"type":"binary-expr","locations":[{"start":{"line":7,"column":8},"end":{"line":7,"column":13}},{"start":{"line":7,"column":17},"end":{"line":7,"column":23}}],"line":7},"3":{"loc":{"start":{"line":13,"column":4},"end":{"line":16,"column":5}},"type":"if","locations":[{"start":{"line":13,"column":4},"end":{"line":16,"column":5}},{"start":{},"end":{}}],"line":13},"4":{"loc":{"start":{"line":13,"column":8},"end":{"line":13,"column":48}},"type":"binary-expr","locations":[{"start":{"line":13,"column":8},"end":{"line":13,"column":27}},{"start":{"line":13,"column":31},"end":{"line":13,"column":48}}],"line":13},"5":{"loc":{"start":{"line":28,"column":8},"end":{"line":33,"column":9}},"type":"if","locations":[{"start":{"line":28,"column":8},"end":{"line":33,"column":9}},{"start":{"line":30,"column":15},"end":{"line":33,"column":9}}],"line":28}},"s":{"0":4,"1":4,"2":4,"3":4,"4":4,"5":4,"6":0,"7":0,"8":0,"9":0,"10":0,"11":0,"12":0,"13":0,"14":0,"15":0,"16":0,"17":0,"18":0,"19":0,"20":0,"21":0,"22":0,"23":0,"24":0,"25":0,"26":0},"f":{"0":4,"1":0,"2":0},"b":{"0":[4,4],"1":[4,0],"2":[4,1],"3":[0,0],"4":[0,0],"5":[0,0]},"_coverageSchema":"1a1c01bbd47fc00a2c39e90264f33305004495a9","hash":"810d1b789dcb4b79081c3e332438b444e938dd89"}
,"C:\\Users\\Liany\\OneDrive\\Documents\\GitHub\\devops-repo-sy\\util\\sheng-yang-backend.js": {"path":"C:\\Users\\Liany\\OneDrive\\Documents\\GitHub\\devops-repo-sy\\util\\sheng-yang-backend.js","statementMap":{"0":{"start":{"line":1,"column":25},"end":{"line":1,"column":58}},"1":{"start":{"line":2,"column":11},"end":{"line":2,"column":33}},"2":{"start":{"line":5,"column":2},"end":{"line":11,"column":3}},"3":{"start":{"line":6,"column":17},"end":{"line":6,"column":52}},"4":{"start":{"line":7,"column":4},"end":{"line":7,"column":28}},"5":{"start":{"line":9,"column":4},"end":{"line":9,"column":51}},"6":{"start":{"line":10,"column":4},"end":{"line":10,"column":14}},"7":{"start":{"line":15,"column":2},"end":{"line":23,"column":3}},"8":{"start":{"line":16,"column":23},"end":{"line":16,"column":47}},"9":{"start":{"line":17,"column":4},"end":{"line":17,"column":28}},"10":{"start":{"line":18,"column":4},"end":{"line":18,"column":69}},"11":{"start":{"line":19,"column":4},"end":{"line":19,"column":22}},"12":{"start":{"line":21,"column":4},"end":{"line":21,"column":54}},"13":{"start":{"line":22,"column":4},"end":{"line":22,"column":14}},"14":{"start":{"line":28,"column":33},"end":{"line":28,"column":41}},"15":{"start":{"line":29,"column":2},"end":{"line":44,"column":3}},"16":{"start":{"line":30,"column":21},"end":{"line":30,"column":63}},"17":{"start":{"line":31,"column":4},"end":{"line":33,"column":5}},"18":{"start":{"line":31,"column":30},"end":{"line":31,"column":48}},"19":{"start":{"line":32,"column":6},"end":{"line":32,"column":70}},"20":{"start":{"line":34,"column":20},"end":{"line":38,"column":5}},"21":{"start":{"line":39,"column":24},"end":{"line":39,"column":76}},"22":{"start":{"line":40,"column":4},"end":{"line":40,"column":45}},"23":{"start":{"line":42,"column":4},"end":{"line":42,"column":47}},"24":{"start":{"line":43,"column":4},"end":{"line":43,"column":60}},"25":{"start":{"line":47,"column":0},"end":{"line":47,"column":50}}},"fnMap":{"0":{"name":"readJSON","decl":{"start":{"line":4,"column":15},"end":{"line":4,"column":23}},"loc":{"start":{"line":4,"column":34},"end":{"line":12,"column":1}},"line":4},"1":{"name":"writeJSON","decl":{"start":{"line":14,"column":15},"end":{"line":14,"column":24}},"loc":{"start":{"line":14,"column":43},"end":{"line":24,"column":1}},"line":14},"2":{"name":"addGame","decl":{"start":{"line":27,"column":15},"end":{"line":27,"column":22}},"loc":{"start":{"line":27,"column":33},"end":{"line":45,"column":1}},"line":27},"3":{"name":"(anonymous_3)","decl":{"start":{"line":31,"column":22},"end":{"line":31,"column":23}},"loc":{"start":{"line":31,"column":30},"end":{"line":31,"column":48}},"line":31}},"branchMap":{"0":{"loc":{"start":{"line":31,"column":4},"end":{"line":33,"column":5}},"type":"if","locations":[{"start":{"line":31,"column":4},"end":{"line":33,"column":5}},{"start":{},"end":{}}],"line":31},"1":{"loc":{"start":{"line":37,"column":6},"end":{"line":37,"column":48}},"type":"binary-expr","locations":[{"start":{"line":37,"column":6},"end":{"line":37,"column":11}},{"start":{"line":37,"column":15},"end":{"line":37,"column":48}}],"line":37}},"s":{"0":1,"1":1,"2":11,"3":11,"4":7,"5":4,"6":4,"7":5,"8":5,"9":5,"10":5,"11":4,"12":1,"13":1,"14":6,"15":6,"16":6,"17":6,"18":9,"19":1,"20":5,"21":5,"22":4,"23":1,"24":1,"25":1},"f":{"0":11,"1":5,"2":6,"3":9},"b":{"0":[1,5],"1":[5,1]},"_coverageSchema":"1a1c01bbd47fc00a2c39e90264f33305004495a9","hash":"93a431e38e5358790e2e2115e8ce7118c3c1d6c4","contentHash":"f88ceba97be7c2564e35aaedb2eda11c10d47dc74a897cc072aa79ee967feeba"}
}
