TN:
SF:public\js\justin-frontend.js
FN:1,viewGame
FN:6,(anonymous_1)
FNF:2
FNH:2
FNDA:1,viewGame
FNDA:1,(anonymous_1)
DA:2,1
DA:3,1
DA:4,1
DA:5,1
DA:6,1
DA:7,1
DA:8,1
DA:9,1
DA:10,2
DA:18,1
DA:21,1
LF:11
LH:11
BRF:0
BRH:0
end_of_record
TN:
SF:public\js\sheng-yang-frontend.js
FN:1,addGameForm
FN:25,(anonymous_1)
FN:40,(anonymous_2)
FNF:3
FNH:2
FNDA:6,addGameForm
FNDA:1,(anonymous_1)
FNDA:0,(anonymous_2)
DA:2,6
DA:3,6
DA:5,6
DA:7,6
DA:8,3
DA:9,3
DA:12,3
DA:13,3
DA:14,1
DA:15,1
DA:18,2
DA:19,2
DA:21,2
DA:22,2
DA:23,2
DA:25,2
DA:26,1
DA:27,1
DA:28,1
DA:29,0
DA:31,1
DA:32,1
DA:35,0
DA:36,0
DA:40,2
DA:41,0
DA:44,2
LF:27
LH:23
BRDA:5,0,0,6
BRDA:5,0,1,6
BRDA:7,1,0,3
BRDA:7,1,1,3
BRDA:7,2,0,6
BRDA:7,2,1,4
BRDA:13,3,0,1
BRDA:13,3,1,2
BRDA:13,4,0,3
BRDA:13,4,1,3
BRDA:28,5,0,0
BRDA:28,5,1,1
BRF:12
BRH:11
end_of_record
