TN:
SF:public\js\justin-frontend.js
FN:1,viewGame
FN:6,(anonymous_1)
FNF:2
FNH:2
FNDA:1,viewGame
FNDA:1,(anonymous_1)
DA:2,1
DA:3,1
DA:4,1
DA:5,1
DA:6,1
DA:7,1
DA:8,1
DA:9,1
DA:10,2
DA:18,1
DA:21,1
LF:11
LH:11
BRF:0
BRH:0
end_of_record
TN:
SF:public\js\sheng-yang-frontend.js
FN:1,addGameForm
FN:25,(anonymous_1)
FN:40,(anonymous_2)
FNF:3
FNH:2
FNDA:8,addGameForm
FNDA:3,(anonymous_1)
FNDA:0,(anonymous_2)
DA:2,8
DA:3,8
DA:5,8
DA:7,8
DA:8,3
DA:9,3
DA:12,5
DA:13,5
DA:14,1
DA:15,1
DA:18,4
DA:19,4
DA:21,4
DA:22,4
DA:23,4
DA:25,4
DA:26,3
DA:27,3
DA:28,3
DA:29,1
DA:31,2
DA:32,1
DA:35,1
DA:36,1
DA:40,4
DA:41,0
DA:44,4
LF:27
LH:26
BRDA:5,0,0,8
BRDA:5,0,1,8
BRDA:7,1,0,3
BRDA:7,1,1,5
BRDA:7,2,0,8
BRDA:7,2,1,6
BRDA:13,3,0,1
BRDA:13,3,1,4
BRDA:13,4,0,5
BRDA:13,4,1,5
BRDA:28,5,0,1
BRDA:28,5,1,2
BRF:12
BRH:12
end_of_record
